[13:31:40] [ServerMain/WARN]: Did not find udev library in operating system. Some features may not work.
[13:31:40] [ServerMain/WARN]: Failed retrieving info for group processor
java.lang.NoClassDefFoundError: Could not initialize class com.sun.jna.Native
	at oshi.jna.platform.linux.LinuxLibc.<clinit>(LinuxLibc.java:22) ~[oshi-core-6.4.5.jar:6.4.5]
	at oshi.software.os.linux.LinuxOperatingSystem.<clinit>(LinuxOperatingSystem.java:97) ~[oshi-core-6.4.5.jar:6.4.5]
	at oshi.hardware.platform.linux.LinuxCentralProcessor.initProcessorCounts(LinuxCentralProcessor.java:170) ~[oshi-core-6.4.5.jar:6.4.5]
	at oshi.hardware.common.AbstractCentralProcessor.<init>(AbstractCentralProcessor.java:65) ~[oshi-core-6.4.5.jar:6.4.5]
	at oshi.hardware.platform.linux.LinuxCentralProcessor.<init>(LinuxCentralProcessor.java:57) ~[oshi-core-6.4.5.jar:6.4.5]
	at oshi.hardware.platform.linux.LinuxHardwareAbstractionLayer.createProcessor(LinuxHardwareAbstractionLayer.java:43) ~[oshi-core-6.4.5.jar:6.4.5]
	at oshi.util.Memoizer$1.get(Memoizer.java:61) ~[oshi-core-6.4.5.jar:6.4.5]
	at oshi.hardware.common.AbstractHardwareAbstractionLayer.getProcessor(AbstractHardwareAbstractionLayer.java:48) ~[oshi-core-6.4.5.jar:6.4.5]
	at ab.c(SourceFile:75) ~[server-1.20.4.jar:?]
	at ab.a(SourceFile:82) ~[server-1.20.4.jar:?]
	at ab.a(SourceFile:75) ~[server-1.20.4.jar:?]
	at ab.c(SourceFile:52) ~[server-1.20.4.jar:?]
	at ab.a(SourceFile:82) ~[server-1.20.4.jar:?]
	at ab.<init>(SourceFile:52) ~[server-1.20.4.jar:?]
	at o.<init>(SourceFile:36) ~[server-1.20.4.jar:?]
	at o.h(SourceFile:277) ~[server-1.20.4.jar:?]
	at net.minecraft.server.Main.main(SourceFile:99) ~[server-1.20.4.jar:?]
	at net.minecraft.bundler.Main.lambda$run$0(Main.java:54) ~[?:?]
	at java.lang.Thread.run(Thread.java:833) ~[?:?]
[13:31:40] [ServerMain/WARN]: Failed retrieving info for group memory
java.lang.NoClassDefFoundError: Could not initialize class oshi.software.os.linux.LinuxOperatingSystem
	at oshi.hardware.platform.linux.LinuxGlobalMemory.<clinit>(LinuxGlobalMemory.java:28) ~[oshi-core-6.4.5.jar:6.4.5]
	at oshi.hardware.platform.linux.LinuxHardwareAbstractionLayer.createMemory(LinuxHardwareAbstractionLayer.java:38) ~[oshi-core-6.4.5.jar:6.4.5]
	at oshi.util.Memoizer$1.get(Memoizer.java:61) ~[oshi-core-6.4.5.jar:6.4.5]
	at oshi.hardware.common.AbstractHardwareAbstractionLayer.getMemory(AbstractHardwareAbstractionLayer.java:60) ~[oshi-core-6.4.5.jar:6.4.5]
	at ab.a(SourceFile:77) ~[server-1.20.4.jar:?]
	at ab.a(SourceFile:82) ~[server-1.20.4.jar:?]
	at ab.a(SourceFile:77) ~[server-1.20.4.jar:?]
	at ab.c(SourceFile:52) ~[server-1.20.4.jar:?]
	at ab.a(SourceFile:82) ~[server-1.20.4.jar:?]
	at ab.<init>(SourceFile:52) ~[server-1.20.4.jar:?]
	at o.<init>(SourceFile:36) ~[server-1.20.4.jar:?]
	at o.h(SourceFile:277) ~[server-1.20.4.jar:?]
	at net.minecraft.server.Main.main(SourceFile:99) ~[server-1.20.4.jar:?]
	at net.minecraft.bundler.Main.lambda$run$0(Main.java:54) ~[?:?]
	at java.lang.Thread.run(Thread.java:833) ~[?:?]
[13:32:19] [ServerMain/INFO]: Environment: Environment[sessionHost=https://sessionserver.mojang.com, servicesHost=https://api.minecraftservices.com, name=PROD]
[13:32:30] [ServerMain/INFO]: No existing world data, creating new world
[13:32:35] [ServerMain/INFO]: Loaded 7 recipes
[13:32:38] [ServerMain/INFO]: Loaded 1271 advancements
[13:32:43] [Server thread/INFO]: Starting minecraft server version 1.20.4
[13:32:43] [Server thread/INFO]: Loading properties
[13:32:43] [Server thread/INFO]: Default game type: SURVIVAL
[13:32:43] [Server thread/INFO]: Generating keypair
[13:32:45] [Server thread/INFO]: Starting Minecraft server on *:25565
[13:32:45] [Server thread/INFO]: Using default channel type
[13:32:46] [Server thread/WARN]: Failed to find a usable hardware address from the network interfaces; using random bytes: 5a:ce:07:89:75:c2:a1:13
[13:32:46] [Server thread/INFO]: Preparing level "world"
[13:33:37] [Server thread/INFO]: Preparing start region for dimension minecraft:overworld
[13:33:45] [Worker-Main-1/INFO]: Preparing spawn area: 0%
[13:33:45] [Worker-Main-2/INFO]: Preparing spawn area: 0%
[13:33:45] [Worker-Main-2/INFO]: Preparing spawn area: 0%
[13:33:45] [Worker-Main-2/INFO]: Preparing spawn area: 0%
[13:33:45] [Worker-Main-3/INFO]: Preparing spawn area: 0%
[13:33:45] [Worker-Main-2/INFO]: Preparing spawn area: 0%
[13:33:45] [Worker-Main-2/INFO]: Preparing spawn area: 0%
[13:33:45] [Worker-Main-2/INFO]: Preparing spawn area: 0%
[13:33:45] [Worker-Main-1/INFO]: Preparing spawn area: 0%
[13:33:45] [Worker-Main-1/INFO]: Preparing spawn area: 0%
[13:33:45] [Worker-Main-2/INFO]: Preparing spawn area: 0%
[13:33:46] [Worker-Main-2/INFO]: Preparing spawn area: 0%
[13:33:46] [Worker-Main-2/INFO]: Preparing spawn area: 0%
[13:33:46] [Worker-Main-3/INFO]: Preparing spawn area: 0%
[13:33:46] [Worker-Main-3/INFO]: Preparing spawn area: 0%
[13:33:46] [Worker-Main-2/INFO]: Preparing spawn area: 0%
[13:33:46] [Worker-Main-3/INFO]: Preparing spawn area: 0%
[13:33:47] [Worker-Main-2/INFO]: Preparing spawn area: 0%
[13:33:47] [Worker-Main-3/INFO]: Preparing spawn area: 0%
[13:33:47] [Worker-Main-2/INFO]: Preparing spawn area: 0%
[13:33:48] [Worker-Main-3/INFO]: Preparing spawn area: 0%
[13:33:48] [Worker-Main-2/INFO]: Preparing spawn area: 0%
[13:33:49] [Worker-Main-1/INFO]: Preparing spawn area: 0%
[13:33:49] [Worker-Main-1/INFO]: Preparing spawn area: 0%
[13:33:50] [Worker-Main-3/INFO]: Preparing spawn area: 0%
[13:33:50] [Worker-Main-1/INFO]: Preparing spawn area: 0%
[13:33:51] [Worker-Main-2/INFO]: Preparing spawn area: 0%
[13:33:52] [Worker-Main-1/INFO]: Preparing spawn area: 0%
[13:33:52] [Worker-Main-1/INFO]: Preparing spawn area: 0%
[13:33:52] [Worker-Main-1/INFO]: Preparing spawn area: 0%
[13:33:53] [Worker-Main-3/INFO]: Preparing spawn area: 0%
[13:33:53] [Worker-Main-3/INFO]: Preparing spawn area: 0%
[13:33:54] [Worker-Main-3/INFO]: Preparing spawn area: 0%
[13:33:54] [Worker-Main-2/INFO]: Preparing spawn area: 0%
[13:33:54] [Worker-Main-1/INFO]: Preparing spawn area: 0%
[13:33:55] [Worker-Main-1/INFO]: Preparing spawn area: 0%
[13:33:56] [Worker-Main-2/INFO]: Preparing spawn area: 0%
[13:33:56] [Worker-Main-3/INFO]: Preparing spawn area: 0%
[13:33:56] [Worker-Main-3/INFO]: Preparing spawn area: 0%
[13:33:57] [Worker-Main-3/INFO]: Preparing spawn area: 0%
[13:33:58] [Worker-Main-3/INFO]: Preparing spawn area: 0%
[13:33:58] [Worker-Main-3/INFO]: Preparing spawn area: 0%
[13:33:59] [Worker-Main-3/INFO]: Preparing spawn area: 0%
[13:33:59] [Worker-Main-1/INFO]: Preparing spawn area: 0%
[13:34:00] [Worker-Main-3/INFO]: Preparing spawn area: 0%
[13:34:00] [Worker-Main-1/INFO]: Preparing spawn area: 0%
[13:34:01] [Worker-Main-1/INFO]: Preparing spawn area: 0%
[13:34:01] [Worker-Main-1/INFO]: Preparing spawn area: 0%
[13:34:04] [Worker-Main-3/INFO]: Preparing spawn area: 0%
[13:34:04] [Worker-Main-3/INFO]: Preparing spawn area: 0%
[13:34:04] [Worker-Main-3/INFO]: Preparing spawn area: 0%
[13:34:04] [Worker-Main-3/INFO]: Preparing spawn area: 0%
[13:34:05] [Worker-Main-2/INFO]: Preparing spawn area: 0%
[13:34:05] [Worker-Main-2/INFO]: Preparing spawn area: 0%
[13:34:05] [Worker-Main-2/INFO]: Preparing spawn area: 0%
[13:34:05] [Worker-Main-3/INFO]: Preparing spawn area: 1%
[13:34:05] [Worker-Main-3/INFO]: Preparing spawn area: 1%
[13:34:06] [Worker-Main-1/INFO]: Preparing spawn area: 1%
[13:34:06] [Worker-Main-1/INFO]: Preparing spawn area: 1%
[13:34:07] [Worker-Main-2/INFO]: Preparing spawn area: 1%
[13:34:08] [Worker-Main-2/INFO]: Preparing spawn area: 1%
[13:34:08] [Worker-Main-3/INFO]: Preparing spawn area: 1%
[13:34:09] [Worker-Main-2/INFO]: Preparing spawn area: 1%
[13:34:09] [Worker-Main-2/INFO]: Preparing spawn area: 1%
[13:34:10] [Worker-Main-3/INFO]: Preparing spawn area: 1%
[13:34:10] [Worker-Main-1/INFO]: Preparing spawn area: 1%
[13:34:11] [Worker-Main-1/INFO]: Preparing spawn area: 1%
[13:34:11] [Worker-Main-2/INFO]: Preparing spawn area: 1%
[13:34:12] [Worker-Main-2/INFO]: Preparing spawn area: 1%
[13:34:12] [Worker-Main-1/INFO]: Preparing spawn area: 1%
[13:34:13] [Worker-Main-3/INFO]: Preparing spawn area: 2%
[13:34:13] [Worker-Main-2/INFO]: Preparing spawn area: 2%
[13:34:14] [Worker-Main-2/INFO]: Preparing spawn area: 2%
[13:34:14] [Worker-Main-2/INFO]: Preparing spawn area: 2%
[13:34:15] [Worker-Main-1/INFO]: Preparing spawn area: 3%
[13:34:15] [Worker-Main-2/INFO]: Preparing spawn area: 3%
[13:34:15] [Worker-Main-3/INFO]: Preparing spawn area: 3%
[13:34:16] [Worker-Main-3/INFO]: Preparing spawn area: 3%
[13:34:17] [Worker-Main-1/INFO]: Preparing spawn area: 3%
[13:34:17] [Worker-Main-1/INFO]: Preparing spawn area: 3%
[13:34:18] [Worker-Main-3/INFO]: Preparing spawn area: 3%
[13:34:18] [Worker-Main-1/INFO]: Preparing spawn area: 4%
[13:34:19] [Worker-Main-2/INFO]: Preparing spawn area: 4%
[13:34:19] [Worker-Main-2/INFO]: Preparing spawn area: 4%
[13:34:20] [Worker-Main-3/INFO]: Preparing spawn area: 4%
[13:34:21] [Worker-Main-2/INFO]: Preparing spawn area: 4%
[13:34:21] [Worker-Main-2/INFO]: Preparing spawn area: 4%
[13:34:21] [Worker-Main-1/INFO]: Preparing spawn area: 4%
[13:34:22] [Worker-Main-3/INFO]: Preparing spawn area: 4%
[13:34:22] [Worker-Main-3/INFO]: Preparing spawn area: 5%
[13:34:22] [Worker-Main-3/INFO]: Preparing spawn area: 5%
[13:34:23] [Worker-Main-1/INFO]: Preparing spawn area: 5%
[13:34:24] [Worker-Main-3/INFO]: Preparing spawn area: 5%
[13:34:24] [Worker-Main-2/INFO]: Preparing spawn area: 5%
[13:34:24] [Worker-Main-1/INFO]: Preparing spawn area: 5%
[13:34:25] [Worker-Main-2/INFO]: Preparing spawn area: 6%
[13:34:26] [Worker-Main-1/INFO]: Preparing spawn area: 6%
[13:34:26] [Worker-Main-1/INFO]: Preparing spawn area: 6%
[13:34:27] [Worker-Main-3/INFO]: Preparing spawn area: 6%
[13:34:27] [Worker-Main-3/INFO]: Preparing spawn area: 6%
[13:34:28] [Worker-Main-2/INFO]: Preparing spawn area: 6%
[13:34:28] [Worker-Main-2/INFO]: Preparing spawn area: 6%
[13:34:29] [Worker-Main-1/INFO]: Preparing spawn area: 6%
[13:34:29] [Worker-Main-3/INFO]: Preparing spawn area: 7%
[13:34:30] [Worker-Main-3/INFO]: Preparing spawn area: 7%
[13:34:30] [Worker-Main-2/INFO]: Preparing spawn area: 7%
[13:34:30] [Worker-Main-1/INFO]: Preparing spawn area: 8%
[13:34:31] [Worker-Main-3/INFO]: Preparing spawn area: 8%
[13:34:32] [Worker-Main-2/INFO]: Preparing spawn area: 8%
[13:34:32] [Worker-Main-3/INFO]: Preparing spawn area: 9%
[13:34:33] [Worker-Main-3/INFO]: Preparing spawn area: 9%
[13:34:33] [Worker-Main-3/INFO]: Preparing spawn area: 9%
[13:34:34] [Worker-Main-3/INFO]: Preparing spawn area: 9%
[13:34:34] [Worker-Main-1/INFO]: Preparing spawn area: 9%
[13:34:34] [Worker-Main-1/INFO]: Preparing spawn area: 9%
[13:34:35] [Worker-Main-1/INFO]: Preparing spawn area: 10%
[13:34:36] [Worker-Main-1/INFO]: Preparing spawn area: 10%
[13:34:36] [Worker-Main-3/INFO]: Preparing spawn area: 10%
[13:34:37] [Worker-Main-2/INFO]: Preparing spawn area: 10%
[13:34:37] [Worker-Main-2/INFO]: Preparing spawn area: 10%
[13:34:38] [Worker-Main-3/INFO]: Preparing spawn area: 10%
[13:34:38] [Worker-Main-3/INFO]: Preparing spawn area: 10%
[13:34:39] [Worker-Main-1/INFO]: Preparing spawn area: 11%
[13:34:39] [Worker-Main-2/INFO]: Preparing spawn area: 11%
[13:34:40] [Worker-Main-3/INFO]: Preparing spawn area: 12%
[13:34:40] [Worker-Main-3/INFO]: Preparing spawn area: 12%
[13:34:41] [Worker-Main-2/INFO]: Preparing spawn area: 12%
[13:34:41] [Worker-Main-2/INFO]: Preparing spawn area: 12%
[13:34:42] [Worker-Main-1/INFO]: Preparing spawn area: 12%
[13:34:42] [Worker-Main-1/INFO]: Preparing spawn area: 12%
[13:34:43] [Worker-Main-2/INFO]: Preparing spawn area: 13%
[13:34:43] [Worker-Main-3/INFO]: Preparing spawn area: 13%
[13:34:44] [Worker-Main-3/INFO]: Preparing spawn area: 13%
[13:34:44] [Worker-Main-1/INFO]: Preparing spawn area: 13%
[13:34:45] [Worker-Main-1/INFO]: Preparing spawn area: 14%
[13:34:45] [Worker-Main-1/INFO]: Preparing spawn area: 14%
[13:34:46] [Worker-Main-3/INFO]: Preparing spawn area: 15%
[13:34:46] [Worker-Main-3/INFO]: Preparing spawn area: 15%
[13:34:47] [Worker-Main-3/INFO]: Preparing spawn area: 15%
[13:34:47] [Worker-Main-2/INFO]: Preparing spawn area: 15%
[13:34:48] [Worker-Main-1/INFO]: Preparing spawn area: 15%
[13:34:48] [Worker-Main-3/INFO]: Preparing spawn area: 15%
[13:34:49] [Worker-Main-2/INFO]: Preparing spawn area: 15%
[13:34:49] [Worker-Main-3/INFO]: Preparing spawn area: 16%
[13:34:50] [Worker-Main-2/INFO]: Preparing spawn area: 16%
[13:34:50] [Worker-Main-3/INFO]: Preparing spawn area: 16%
[13:34:51] [Worker-Main-1/INFO]: Preparing spawn area: 16%
[13:34:51] [Worker-Main-2/INFO]: Preparing spawn area: 17%
[13:34:52] [Worker-Main-3/INFO]: Preparing spawn area: 17%
[13:34:52] [Worker-Main-2/INFO]: Preparing spawn area: 17%
[13:34:53] [Worker-Main-3/INFO]: Preparing spawn area: 17%
[13:34:53] [Worker-Main-2/INFO]: Preparing spawn area: 17%
[13:34:54] [Worker-Main-3/INFO]: Preparing spawn area: 18%
[13:34:54] [Worker-Main-2/INFO]: Preparing spawn area: 18%
[13:34:55] [Worker-Main-2/INFO]: Preparing spawn area: 19%
[13:34:55] [Worker-Main-2/INFO]: Preparing spawn area: 19%
[13:34:56] [Worker-Main-2/INFO]: Preparing spawn area: 19%
[13:34:56] [Worker-Main-3/INFO]: Preparing spawn area: 19%
[13:34:57] [Worker-Main-2/INFO]: Preparing spawn area: 19%
[13:34:57] [Worker-Main-2/INFO]: Preparing spawn area: 20%
[13:34:57] [Worker-Main-1/INFO]: Preparing spawn area: 20%
[13:34:58] [Worker-Main-3/INFO]: Preparing spawn area: 20%
[13:34:59] [Worker-Main-2/INFO]: Preparing spawn area: 21%
[13:34:59] [Worker-Main-2/INFO]: Preparing spawn area: 21%
[13:34:59] [Worker-Main-2/INFO]: Preparing spawn area: 22%
[13:35:00] [Worker-Main-1/INFO]: Preparing spawn area: 22%
[13:35:01] [Worker-Main-1/INFO]: Preparing spawn area: 22%
[13:35:01] [Worker-Main-1/INFO]: Preparing spawn area: 22%
[13:35:02] [Worker-Main-2/INFO]: Preparing spawn area: 23%
[13:35:02] [Worker-Main-1/INFO]: Preparing spawn area: 23%
[13:35:03] [Worker-Main-3/INFO]: Preparing spawn area: 23%
[13:35:03] [Worker-Main-1/INFO]: Preparing spawn area: 23%
[13:35:04] [Worker-Main-2/INFO]: Preparing spawn area: 23%
[13:35:04] [Worker-Main-2/INFO]: Preparing spawn area: 24%
[13:35:04] [Worker-Main-3/INFO]: Preparing spawn area: 24%
[13:35:05] [Worker-Main-1/INFO]: Preparing spawn area: 24%
[13:35:06] [Worker-Main-3/INFO]: Preparing spawn area: 24%
[13:35:06] [Worker-Main-1/INFO]: Preparing spawn area: 25%
[13:35:07] [Worker-Main-3/INFO]: Preparing spawn area: 25%
[13:35:07] [Worker-Main-2/INFO]: Preparing spawn area: 25%
[13:35:08] [Worker-Main-2/INFO]: Preparing spawn area: 26%
[13:35:08] [Worker-Main-1/INFO]: Preparing spawn area: 26%
[13:35:09] [Worker-Main-3/INFO]: Preparing spawn area: 26%
[13:35:09] [Worker-Main-3/INFO]: Preparing spawn area: 26%
[13:35:10] [Worker-Main-2/INFO]: Preparing spawn area: 27%
[13:35:10] [Worker-Main-3/INFO]: Preparing spawn area: 27%
[13:35:11] [Worker-Main-3/INFO]: Preparing spawn area: 27%
[13:35:11] [Worker-Main-1/INFO]: Preparing spawn area: 27%
[13:35:12] [Worker-Main-3/INFO]: Preparing spawn area: 28%
[13:35:12] [Worker-Main-1/INFO]: Preparing spawn area: 28%
[13:35:12] [Worker-Main-1/INFO]: Preparing spawn area: 29%
[13:35:13] [Worker-Main-3/INFO]: Preparing spawn area: 29%
[13:35:13] [Worker-Main-1/INFO]: Preparing spawn area: 29%
[13:35:14] [Worker-Main-3/INFO]: Preparing spawn area: 29%
[13:35:14] [Worker-Main-3/INFO]: Preparing spawn area: 30%
[13:35:15] [Worker-Main-3/INFO]: Preparing spawn area: 30%
[13:35:15] [Worker-Main-3/INFO]: Preparing spawn area: 31%
[13:35:16] [Worker-Main-2/INFO]: Preparing spawn area: 31%
[13:35:17] [Worker-Main-3/INFO]: Preparing spawn area: 31%
[13:35:17] [Worker-Main-2/INFO]: Preparing spawn area: 31%
[13:35:18] [Worker-Main-3/INFO]: Preparing spawn area: 31%
[13:35:18] [Worker-Main-3/INFO]: Preparing spawn area: 31%
[13:35:19] [Worker-Main-1/INFO]: Preparing spawn area: 31%
[13:35:19] [Worker-Main-2/INFO]: Preparing spawn area: 31%
[13:35:20] [Worker-Main-1/INFO]: Preparing spawn area: 31%
[13:35:20] [Worker-Main-1/INFO]: Preparing spawn area: 32%
[13:35:21] [Worker-Main-3/INFO]: Preparing spawn area: 32%
[13:35:21] [Worker-Main-2/INFO]: Preparing spawn area: 33%
[13:35:22] [Worker-Main-3/INFO]: Preparing spawn area: 33%
[13:35:22] [Worker-Main-3/INFO]: Preparing spawn area: 34%
[13:35:23] [Worker-Main-1/INFO]: Preparing spawn area: 34%
[13:35:23] [Worker-Main-2/INFO]: Preparing spawn area: 34%
[13:35:23] [Worker-Main-3/INFO]: Preparing spawn area: 34%
[13:35:24] [Worker-Main-3/INFO]: Preparing spawn area: 34%
[13:35:25] [Worker-Main-1/INFO]: Preparing spawn area: 35%
[13:35:25] [Worker-Main-1/INFO]: Preparing spawn area: 35%
[13:35:26] [Worker-Main-1/INFO]: Preparing spawn area: 36%
[13:35:26] [Worker-Main-1/INFO]: Preparing spawn area: 36%
[13:35:27] [Worker-Main-1/INFO]: Preparing spawn area: 36%
[13:35:27] [Worker-Main-3/INFO]: Preparing spawn area: 36%
[13:35:28] [Worker-Main-2/INFO]: Preparing spawn area: 36%
[13:35:28] [Worker-Main-2/INFO]: Preparing spawn area: 37%
[13:35:29] [Worker-Main-3/INFO]: Preparing spawn area: 37%
[13:35:29] [Worker-Main-3/INFO]: Preparing spawn area: 37%
[13:35:30] [Worker-Main-3/INFO]: Preparing spawn area: 37%
[13:35:30] [Worker-Main-2/INFO]: Preparing spawn area: 37%
[13:35:31] [Worker-Main-3/INFO]: Preparing spawn area: 37%
[13:35:31] [Worker-Main-3/INFO]: Preparing spawn area: 39%
[13:35:32] [Worker-Main-1/INFO]: Preparing spawn area: 39%
[13:35:32] [Worker-Main-1/INFO]: Preparing spawn area: 39%
[13:35:33] [Worker-Main-3/INFO]: Preparing spawn area: 40%
[13:35:33] [Worker-Main-3/INFO]: Preparing spawn area: 40%
[13:35:34] [Worker-Main-2/INFO]: Preparing spawn area: 40%
[13:35:34] [Worker-Main-1/INFO]: Preparing spawn area: 40%
[13:35:35] [Worker-Main-3/INFO]: Preparing spawn area: 41%
[13:35:35] [Worker-Main-2/INFO]: Preparing spawn area: 42%
[13:35:36] [Worker-Main-3/INFO]: Preparing spawn area: 42%
[13:35:36] [Worker-Main-2/INFO]: Preparing spawn area: 42%
[13:35:37] [Worker-Main-2/INFO]: Preparing spawn area: 42%
[13:35:37] [Worker-Main-2/INFO]: Preparing spawn area: 42%
[13:35:38] [Worker-Main-1/INFO]: Preparing spawn area: 42%
[13:35:38] [Worker-Main-1/INFO]: Preparing spawn area: 42%
[13:35:39] [Worker-Main-1/INFO]: Preparing spawn area: 43%
[13:35:39] [Worker-Main-1/INFO]: Preparing spawn area: 43%
[13:35:40] [Worker-Main-2/INFO]: Preparing spawn area: 43%
[13:35:40] [Worker-Main-2/INFO]: Preparing spawn area: 43%
[13:35:41] [Worker-Main-2/INFO]: Preparing spawn area: 44%
[13:35:41] [Worker-Main-1/INFO]: Preparing spawn area: 44%
[13:35:41] [Worker-Main-2/INFO]: Preparing spawn area: 44%
[13:35:42] [Worker-Main-2/INFO]: Preparing spawn area: 45%
[13:35:43] [Worker-Main-2/INFO]: Preparing spawn area: 45%
[13:35:43] [Worker-Main-2/INFO]: Preparing spawn area: 45%
[13:35:44] [Worker-Main-2/INFO]: Preparing spawn area: 45%
[13:35:44] [Worker-Main-1/INFO]: Preparing spawn area: 46%
[13:35:45] [Worker-Main-2/INFO]: Preparing spawn area: 46%
[13:35:45] [Worker-Main-3/INFO]: Preparing spawn area: 46%
[13:35:46] [Worker-Main-3/INFO]: Preparing spawn area: 47%
[13:35:46] [Worker-Main-1/INFO]: Preparing spawn area: 48%
[13:35:47] [Worker-Main-2/INFO]: Preparing spawn area: 48%
[13:35:47] [Worker-Main-2/INFO]: Preparing spawn area: 48%
[13:35:48] [Worker-Main-3/INFO]: Preparing spawn area: 48%
[13:35:48] [Worker-Main-3/INFO]: Preparing spawn area: 48%
[13:35:49] [Worker-Main-2/INFO]: Preparing spawn area: 48%
[13:35:49] [Worker-Main-3/INFO]: Preparing spawn area: 49%
[13:35:50] [Worker-Main-2/INFO]: Preparing spawn area: 50%
[13:35:50] [Worker-Main-1/INFO]: Preparing spawn area: 50%
[13:35:51] [Worker-Main-2/INFO]: Preparing spawn area: 51%
[13:35:51] [Worker-Main-1/INFO]: Preparing spawn area: 51%
[13:35:51] [Worker-Main-1/INFO]: Preparing spawn area: 51%
[13:35:52] [Worker-Main-1/INFO]: Preparing spawn area: 51%
[13:35:53] [Worker-Main-1/INFO]: Preparing spawn area: 52%
[13:35:53] [Worker-Main-2/INFO]: Preparing spawn area: 52%
[13:35:54] [Worker-Main-2/INFO]: Preparing spawn area: 53%
[13:35:54] [Worker-Main-1/INFO]: Preparing spawn area: 53%
[13:35:55] [Worker-Main-2/INFO]: Preparing spawn area: 53%
[13:35:55] [Worker-Main-2/INFO]: Preparing spawn area: 53%
[13:35:56] [Worker-Main-2/INFO]: Preparing spawn area: 53%
[13:35:56] [Worker-Main-2/INFO]: Preparing spawn area: 53%
[13:35:57] [Worker-Main-3/INFO]: Preparing spawn area: 53%
[13:35:57] [Worker-Main-3/INFO]: Preparing spawn area: 54%
[13:35:58] [Worker-Main-2/INFO]: Preparing spawn area: 54%
[13:35:58] [Worker-Main-2/INFO]: Preparing spawn area: 54%
[13:35:59] [Worker-Main-2/INFO]: Preparing spawn area: 54%
[13:35:59] [Worker-Main-1/INFO]: Preparing spawn area: 54%
[13:35:59] [Worker-Main-2/INFO]: Preparing spawn area: 54%
[13:36:00] [Worker-Main-2/INFO]: Preparing spawn area: 55%
[13:36:01] [Worker-Main-1/INFO]: Preparing spawn area: 55%
[13:36:01] [Worker-Main-1/INFO]: Preparing spawn area: 55%
[13:36:02] [Worker-Main-2/INFO]: Preparing spawn area: 55%
[13:36:02] [Worker-Main-2/INFO]: Preparing spawn area: 55%
[13:36:03] [Worker-Main-3/INFO]: Preparing spawn area: 55%
[13:36:03] [Worker-Main-2/INFO]: Preparing spawn area: 55%
[13:36:04] [Worker-Main-2/INFO]: Preparing spawn area: 55%
[13:36:04] [Worker-Main-3/INFO]: Preparing spawn area: 56%
[13:36:05] [Worker-Main-2/INFO]: Preparing spawn area: 56%
[13:36:05] [Worker-Main-1/INFO]: Preparing spawn area: 56%
[13:36:06] [Worker-Main-3/INFO]: Preparing spawn area: 56%
[13:36:06] [Worker-Main-2/INFO]: Preparing spawn area: 57%
[13:36:07] [Worker-Main-2/INFO]: Preparing spawn area: 57%
[13:36:07] [Worker-Main-2/INFO]: Preparing spawn area: 57%
[13:36:08] [Worker-Main-2/INFO]: Preparing spawn area: 58%
[13:36:08] [Worker-Main-2/INFO]: Preparing spawn area: 58%
[13:36:09] [Worker-Main-3/INFO]: Preparing spawn area: 58%
[13:36:09] [Worker-Main-1/INFO]: Preparing spawn area: 59%
[13:36:10] [Worker-Main-3/INFO]: Preparing spawn area: 59%
[13:36:10] [Worker-Main-1/INFO]: Preparing spawn area: 59%
[13:36:11] [Worker-Main-3/INFO]: Preparing spawn area: 59%
[13:36:11] [Worker-Main-2/INFO]: Preparing spawn area: 60%
[13:36:12] [Worker-Main-3/INFO]: Preparing spawn area: 60%
[13:36:12] [Worker-Main-3/INFO]: Preparing spawn area: 61%
[13:36:13] [Worker-Main-2/INFO]: Preparing spawn area: 61%
[13:36:13] [Worker-Main-1/INFO]: Preparing spawn area: 62%
[13:36:14] [Worker-Main-1/INFO]: Preparing spawn area: 62%
[13:36:14] [Worker-Main-3/INFO]: Preparing spawn area: 62%
[13:36:15] [Worker-Main-3/INFO]: Preparing spawn area: 62%
[13:36:15] [Worker-Main-2/INFO]: Preparing spawn area: 63%
[13:36:16] [Worker-Main-3/INFO]: Preparing spawn area: 64%
[13:36:16] [Worker-Main-3/INFO]: Preparing spawn area: 64%
[13:36:17] [Worker-Main-1/INFO]: Preparing spawn area: 64%
[13:36:17] [Worker-Main-1/INFO]: Preparing spawn area: 65%
[13:36:18] [Worker-Main-1/INFO]: Preparing spawn area: 65%
[13:36:18] [Worker-Main-3/INFO]: Preparing spawn area: 65%
[13:36:19] [Worker-Main-1/INFO]: Preparing spawn area: 65%
[13:36:19] [Worker-Main-1/INFO]: Preparing spawn area: 66%
[13:36:20] [Worker-Main-1/INFO]: Preparing spawn area: 66%
[13:36:20] [Worker-Main-2/INFO]: Preparing spawn area: 66%
[13:36:21] [Worker-Main-3/INFO]: Preparing spawn area: 67%
[13:36:21] [Worker-Main-2/INFO]: Preparing spawn area: 67%
[13:36:22] [Worker-Main-2/INFO]: Preparing spawn area: 67%
[13:36:22] [Worker-Main-2/INFO]: Preparing spawn area: 68%
[13:36:22] [Worker-Main-3/INFO]: Preparing spawn area: 68%
[13:36:23] [Worker-Main-1/INFO]: Preparing spawn area: 68%
[13:36:24] [Worker-Main-3/INFO]: Preparing spawn area: 68%
[13:36:24] [Worker-Main-2/INFO]: Preparing spawn area: 68%
[13:36:25] [Worker-Main-2/INFO]: Preparing spawn area: 68%
[13:36:25] [Worker-Main-3/INFO]: Preparing spawn area: 68%
[13:36:26] [Worker-Main-3/INFO]: Preparing spawn area: 68%
[13:36:26] [Worker-Main-2/INFO]: Preparing spawn area: 68%
[13:36:27] [Worker-Main-2/INFO]: Preparing spawn area: 69%
[13:36:27] [Worker-Main-1/INFO]: Preparing spawn area: 69%
[13:36:28] [Worker-Main-2/INFO]: Preparing spawn area: 69%
[13:36:28] [Worker-Main-3/INFO]: Preparing spawn area: 69%
[13:36:29] [Worker-Main-2/INFO]: Preparing spawn area: 70%
[13:36:29] [Worker-Main-3/INFO]: Preparing spawn area: 70%
[13:36:30] [Worker-Main-3/INFO]: Preparing spawn area: 70%
[13:36:30] [Worker-Main-3/INFO]: Preparing spawn area: 70%
[13:36:31] [Worker-Main-1/INFO]: Preparing spawn area: 70%
[13:36:31] [Worker-Main-1/INFO]: Preparing spawn area: 70%
[13:36:31] [Worker-Main-1/INFO]: Preparing spawn area: 71%
[13:36:32] [Worker-Main-2/INFO]: Preparing spawn area: 72%
[13:36:33] [Worker-Main-2/INFO]: Preparing spawn area: 72%
[13:36:33] [Worker-Main-2/INFO]: Preparing spawn area: 73%
[13:36:34] [Worker-Main-3/INFO]: Preparing spawn area: 73%
[13:36:34] [Worker-Main-1/INFO]: Preparing spawn area: 74%
[13:36:35] [Worker-Main-1/INFO]: Preparing spawn area: 74%
[13:36:35] [Worker-Main-1/INFO]: Preparing spawn area: 74%
[13:36:36] [Worker-Main-3/INFO]: Preparing spawn area: 75%
[13:36:36] [Worker-Main-1/INFO]: Preparing spawn area: 75%
[13:36:37] [Worker-Main-3/INFO]: Preparing spawn area: 75%
[13:36:37] [Worker-Main-3/INFO]: Preparing spawn area: 75%
[13:36:38] [Worker-Main-3/INFO]: Preparing spawn area: 76%
[13:36:38] [Worker-Main-1/INFO]: Preparing spawn area: 77%
[13:36:39] [Worker-Main-3/INFO]: Preparing spawn area: 77%
[13:36:39] [Worker-Main-3/INFO]: Preparing spawn area: 77%
[13:36:40] [Worker-Main-1/INFO]: Preparing spawn area: 78%
[13:36:40] [Worker-Main-1/INFO]: Preparing spawn area: 78%
[13:36:41] [Worker-Main-2/INFO]: Preparing spawn area: 78%
[13:36:41] [Worker-Main-2/INFO]: Preparing spawn area: 79%
[13:36:42] [Worker-Main-1/INFO]: Preparing spawn area: 79%
[13:36:42] [Worker-Main-3/INFO]: Preparing spawn area: 79%
[13:36:43] [Worker-Main-1/INFO]: Preparing spawn area: 80%
[13:36:43] [Worker-Main-3/INFO]: Preparing spawn area: 80%
[13:36:44] [Worker-Main-1/INFO]: Preparing spawn area: 80%
[13:36:44] [Worker-Main-2/INFO]: Preparing spawn area: 81%
[13:36:45] [Worker-Main-1/INFO]: Preparing spawn area: 81%
[13:36:45] [Worker-Main-3/INFO]: Preparing spawn area: 82%
[13:36:45] [Worker-Main-3/INFO]: Preparing spawn area: 82%
[13:36:46] [Worker-Main-2/INFO]: Preparing spawn area: 82%
[13:36:47] [Worker-Main-1/INFO]: Preparing spawn area: 83%
[13:36:47] [Worker-Main-1/INFO]: Preparing spawn area: 83%
[13:36:48] [Worker-Main-2/INFO]: Preparing spawn area: 83%
[13:36:48] [Worker-Main-1/INFO]: Preparing spawn area: 83%
[13:36:49] [Worker-Main-3/INFO]: Preparing spawn area: 83%
[13:36:49] [Worker-Main-2/INFO]: Preparing spawn area: 83%
[13:36:50] [Worker-Main-1/INFO]: Preparing spawn area: 83%
[13:36:50] [Worker-Main-3/INFO]: Preparing spawn area: 83%
[13:36:51] [Worker-Main-3/INFO]: Preparing spawn area: 83%
[13:36:51] [Worker-Main-2/INFO]: Preparing spawn area: 84%
[13:36:52] [Worker-Main-1/INFO]: Preparing spawn area: 84%
[13:36:52] [Worker-Main-2/INFO]: Preparing spawn area: 84%
[13:36:53] [Worker-Main-1/INFO]: Preparing spawn area: 85%
[13:36:53] [Worker-Main-2/INFO]: Preparing spawn area: 85%
[13:36:54] [Worker-Main-3/INFO]: Preparing spawn area: 86%
[13:36:54] [Worker-Main-3/INFO]: Preparing spawn area: 86%
[13:36:55] [Worker-Main-1/INFO]: Preparing spawn area: 87%
[13:36:55] [Worker-Main-2/INFO]: Preparing spawn area: 87%
[13:36:56] [Worker-Main-1/INFO]: Preparing spawn area: 87%
[13:36:56] [Worker-Main-1/INFO]: Preparing spawn area: 87%
[13:36:57] [Worker-Main-1/INFO]: Preparing spawn area: 87%
[13:36:57] [Worker-Main-2/INFO]: Preparing spawn area: 88%
[13:36:57] [Worker-Main-3/INFO]: Preparing spawn area: 88%
[13:36:58] [Worker-Main-2/INFO]: Preparing spawn area: 89%
[13:36:59] [Worker-Main-3/INFO]: Preparing spawn area: 89%
[13:36:59] [Worker-Main-1/INFO]: Preparing spawn area: 89%
[13:37:00] [Worker-Main-1/INFO]: Preparing spawn area: 89%
[13:37:00] [Worker-Main-2/INFO]: Preparing spawn area: 90%
[13:37:01] [Worker-Main-1/INFO]: Preparing spawn area: 90%
[13:37:01] [Worker-Main-2/INFO]: Preparing spawn area: 90%
[13:37:02] [Worker-Main-3/INFO]: Preparing spawn area: 91%
[13:37:02] [Worker-Main-3/INFO]: Preparing spawn area: 91%
[13:37:03] [Worker-Main-3/INFO]: Preparing spawn area: 91%
[13:37:03] [Worker-Main-2/INFO]: Preparing spawn area: 91%
[13:37:04] [Worker-Main-2/INFO]: Preparing spawn area: 91%
[13:37:04] [Worker-Main-1/INFO]: Preparing spawn area: 91%
[13:37:05] [Worker-Main-2/INFO]: Preparing spawn area: 92%
[13:37:05] [Worker-Main-3/INFO]: Preparing spawn area: 92%
[13:37:06] [Worker-Main-1/INFO]: Preparing spawn area: 93%
[13:37:06] [Worker-Main-2/INFO]: Preparing spawn area: 93%
[13:37:07] [Worker-Main-1/INFO]: Preparing spawn area: 93%
[13:37:07] [Worker-Main-3/INFO]: Preparing spawn area: 93%
[13:37:08] [Worker-Main-1/INFO]: Preparing spawn area: 94%
[13:37:08] [Worker-Main-3/INFO]: Preparing spawn area: 94%
[13:37:09] [Worker-Main-2/INFO]: Preparing spawn area: 95%
[13:37:09] [Worker-Main-1/INFO]: Preparing spawn area: 95%
[13:37:10] [Worker-Main-2/INFO]: Preparing spawn area: 95%
[13:37:10] [Worker-Main-3/INFO]: Preparing spawn area: 95%
[13:37:11] [Worker-Main-3/INFO]: Preparing spawn area: 96%
[13:37:11] [Worker-Main-1/INFO]: Preparing spawn area: 96%
[13:37:11] [Worker-Main-1/INFO]: Preparing spawn area: 96%
[13:37:12] [Worker-Main-2/INFO]: Preparing spawn area: 96%
[13:37:13] [Worker-Main-2/INFO]: Preparing spawn area: 97%
[13:37:13] [Worker-Main-3/INFO]: Preparing spawn area: 97%
[13:37:14] [Worker-Main-2/INFO]: Preparing spawn area: 97%
[13:37:14] [Worker-Main-1/INFO]: Preparing spawn area: 98%
[13:37:15] [Worker-Main-2/INFO]: Preparing spawn area: 98%
[13:37:15] [Worker-Main-3/INFO]: Preparing spawn area: 99%
[13:37:16] [Worker-Main-3/INFO]: Preparing spawn area: 99%
[13:37:16] [Worker-Main-3/INFO]: Preparing spawn area: 99%
[13:37:16] [Server thread/INFO]: Time elapsed: 218878 ms
[13:37:16] [Server thread/INFO]: Done (270.472s)! For help, type "help"
[13:37:20] [Server thread/WARN]: Can't keep up! Is the server overloaded? Running 3594ms or 71 ticks behind
[13:37:42] [Server thread/WARN]: Can't keep up! Is the server overloaded? Running 6897ms or 137 ticks behind
[13:40:57] [Server thread/WARN]: Can't keep up! Is the server overloaded? Running 21375ms or 427 ticks behind
